Created by PLY version 3.11 (http://www.dabeaz.com/ply)

Grammar

Rule 0     S' -> expression
Rule 1     expression -> expression PLUS expression
Rule 2     expression -> expression MINUS expression
Rule 3     expression -> expression MULTIPLY expression
Rule 4     expression -> expression DIVIDE expression
Rule 5     expression -> expression LT expression
Rule 6     expression -> expression LE expression
Rule 7     expression -> expression GT expression
Rule 8     expression -> expression GE expression
Rule 9     expression -> expression EQ expression
Rule 10    expression -> expression NE expression
Rule 11    expression -> NOT expression
Rule 12    expression -> NUMBER
Rule 13    expression -> ID

Terminals, with rules where they appear

DIVIDE               : 4
EQ                   : 9
GE                   : 8
GT                   : 7
ID                   : 13
LE                   : 6
LT                   : 5
MINUS                : 2
MULTIPLY             : 3
NE                   : 10
NOT                  : 11
NUMBER               : 12
PLUS                 : 1
error                : 

Nonterminals, with rules where they appear

expression           : 1 1 2 2 3 3 4 4 5 5 6 6 7 7 8 8 9 9 10 10 11 0

Parsing method: LALR

state 0

    (0) S' -> . expression
    (1) expression -> . expression PLUS expression
    (2) expression -> . expression MINUS expression
    (3) expression -> . expression MULTIPLY expression
    (4) expression -> . expression DIVIDE expression
    (5) expression -> . expression LT expression
    (6) expression -> . expression LE expression
    (7) expression -> . expression GT expression
    (8) expression -> . expression GE expression
    (9) expression -> . expression EQ expression
    (10) expression -> . expression NE expression
    (11) expression -> . NOT expression
    (12) expression -> . NUMBER
    (13) expression -> . ID

    NOT             shift and go to state 2
    NUMBER          shift and go to state 3
    ID              shift and go to state 4

    expression                     shift and go to state 1

state 1

    (0) S' -> expression .
    (1) expression -> expression . PLUS expression
    (2) expression -> expression . MINUS expression
    (3) expression -> expression . MULTIPLY expression
    (4) expression -> expression . DIVIDE expression
    (5) expression -> expression . LT expression
    (6) expression -> expression . LE expression
    (7) expression -> expression . GT expression
    (8) expression -> expression . GE expression
    (9) expression -> expression . EQ expression
    (10) expression -> expression . NE expression

    PLUS            shift and go to state 5
    MINUS           shift and go to state 6
    MULTIPLY        shift and go to state 7
    DIVIDE          shift and go to state 8
    LT              shift and go to state 9
    LE              shift and go to state 10
    GT              shift and go to state 11
    GE              shift and go to state 12
    EQ              shift and go to state 13
    NE              shift and go to state 14


state 2

    (11) expression -> NOT . expression
    (1) expression -> . expression PLUS expression
    (2) expression -> . expression MINUS expression
    (3) expression -> . expression MULTIPLY expression
    (4) expression -> . expression DIVIDE expression
    (5) expression -> . expression LT expression
    (6) expression -> . expression LE expression
    (7) expression -> . expression GT expression
    (8) expression -> . expression GE expression
    (9) expression -> . expression EQ expression
    (10) expression -> . expression NE expression
    (11) expression -> . NOT expression
    (12) expression -> . NUMBER
    (13) expression -> . ID

    NOT             shift and go to state 2
    NUMBER          shift and go to state 3
    ID              shift and go to state 4

    expression                     shift and go to state 15

state 3

    (12) expression -> NUMBER .

    PLUS            reduce using rule 12 (expression -> NUMBER .)
    MINUS           reduce using rule 12 (expression -> NUMBER .)
    MULTIPLY        reduce using rule 12 (expression -> NUMBER .)
    DIVIDE          reduce using rule 12 (expression -> NUMBER .)
    LT              reduce using rule 12 (expression -> NUMBER .)
    LE              reduce using rule 12 (expression -> NUMBER .)
    GT              reduce using rule 12 (expression -> NUMBER .)
    GE              reduce using rule 12 (expression -> NUMBER .)
    EQ              reduce using rule 12 (expression -> NUMBER .)
    NE              reduce using rule 12 (expression -> NUMBER .)
    $end            reduce using rule 12 (expression -> NUMBER .)


state 4

    (13) expression -> ID .

    PLUS            reduce using rule 13 (expression -> ID .)
    MINUS           reduce using rule 13 (expression -> ID .)
    MULTIPLY        reduce using rule 13 (expression -> ID .)
    DIVIDE          reduce using rule 13 (expression -> ID .)
    LT              reduce using rule 13 (expression -> ID .)
    LE              reduce using rule 13 (expression -> ID .)
    GT              reduce using rule 13 (expression -> ID .)
    GE              reduce using rule 13 (expression -> ID .)
    EQ              reduce using rule 13 (expression -> ID .)
    NE              reduce using rule 13 (expression -> ID .)
    $end            reduce using rule 13 (expression -> ID .)


state 5

    (1) expression -> expression PLUS . expression
    (1) expression -> . expression PLUS expression
    (2) expression -> . expression MINUS expression
    (3) expression -> . expression MULTIPLY expression
    (4) expression -> . expression DIVIDE expression
    (5) expression -> . expression LT expression
    (6) expression -> . expression LE expression
    (7) expression -> . expression GT expression
    (8) expression -> . expression GE expression
    (9) expression -> . expression EQ expression
    (10) expression -> . expression NE expression
    (11) expression -> . NOT expression
    (12) expression -> . NUMBER
    (13) expression -> . ID

    NOT             shift and go to state 2
    NUMBER          shift and go to state 3
    ID              shift and go to state 4

    expression                     shift and go to state 16

state 6

    (2) expression -> expression MINUS . expression
    (1) expression -> . expression PLUS expression
    (2) expression -> . expression MINUS expression
    (3) expression -> . expression MULTIPLY expression
    (4) expression -> . expression DIVIDE expression
    (5) expression -> . expression LT expression
    (6) expression -> . expression LE expression
    (7) expression -> . expression GT expression
    (8) expression -> . expression GE expression
    (9) expression -> . expression EQ expression
    (10) expression -> . expression NE expression
    (11) expression -> . NOT expression
    (12) expression -> . NUMBER
    (13) expression -> . ID

    NOT             shift and go to state 2
    NUMBER          shift and go to state 3
    ID              shift and go to state 4

    expression                     shift and go to state 17

state 7

    (3) expression -> expression MULTIPLY . expression
    (1) expression -> . expression PLUS expression
    (2) expression -> . expression MINUS expression
    (3) expression -> . expression MULTIPLY expression
    (4) expression -> . expression DIVIDE expression
    (5) expression -> . expression LT expression
    (6) expression -> . expression LE expression
    (7) expression -> . expression GT expression
    (8) expression -> . expression GE expression
    (9) expression -> . expression EQ expression
    (10) expression -> . expression NE expression
    (11) expression -> . NOT expression
    (12) expression -> . NUMBER
    (13) expression -> . ID

    NOT             shift and go to state 2
    NUMBER          shift and go to state 3
    ID              shift and go to state 4

    expression                     shift and go to state 18

state 8

    (4) expression -> expression DIVIDE . expression
    (1) expression -> . expression PLUS expression
    (2) expression -> . expression MINUS expression
    (3) expression -> . expression MULTIPLY expression
    (4) expression -> . expression DIVIDE expression
    (5) expression -> . expression LT expression
    (6) expression -> . expression LE expression
    (7) expression -> . expression GT expression
    (8) expression -> . expression GE expression
    (9) expression -> . expression EQ expression
    (10) expression -> . expression NE expression
    (11) expression -> . NOT expression
    (12) expression -> . NUMBER
    (13) expression -> . ID

    NOT             shift and go to state 2
    NUMBER          shift and go to state 3
    ID              shift and go to state 4

    expression                     shift and go to state 19

state 9

    (5) expression -> expression LT . expression
    (1) expression -> . expression PLUS expression
    (2) expression -> . expression MINUS expression
    (3) expression -> . expression MULTIPLY expression
    (4) expression -> . expression DIVIDE expression
    (5) expression -> . expression LT expression
    (6) expression -> . expression LE expression
    (7) expression -> . expression GT expression
    (8) expression -> . expression GE expression
    (9) expression -> . expression EQ expression
    (10) expression -> . expression NE expression
    (11) expression -> . NOT expression
    (12) expression -> . NUMBER
    (13) expression -> . ID

    NOT             shift and go to state 2
    NUMBER          shift and go to state 3
    ID              shift and go to state 4

    expression                     shift and go to state 20

state 10

    (6) expression -> expression LE . expression
    (1) expression -> . expression PLUS expression
    (2) expression -> . expression MINUS expression
    (3) expression -> . expression MULTIPLY expression
    (4) expression -> . expression DIVIDE expression
    (5) expression -> . expression LT expression
    (6) expression -> . expression LE expression
    (7) expression -> . expression GT expression
    (8) expression -> . expression GE expression
    (9) expression -> . expression EQ expression
    (10) expression -> . expression NE expression
    (11) expression -> . NOT expression
    (12) expression -> . NUMBER
    (13) expression -> . ID

    NOT             shift and go to state 2
    NUMBER          shift and go to state 3
    ID              shift and go to state 4

    expression                     shift and go to state 21

state 11

    (7) expression -> expression GT . expression
    (1) expression -> . expression PLUS expression
    (2) expression -> . expression MINUS expression
    (3) expression -> . expression MULTIPLY expression
    (4) expression -> . expression DIVIDE expression
    (5) expression -> . expression LT expression
    (6) expression -> . expression LE expression
    (7) expression -> . expression GT expression
    (8) expression -> . expression GE expression
    (9) expression -> . expression EQ expression
    (10) expression -> . expression NE expression
    (11) expression -> . NOT expression
    (12) expression -> . NUMBER
    (13) expression -> . ID

    NOT             shift and go to state 2
    NUMBER          shift and go to state 3
    ID              shift and go to state 4

    expression                     shift and go to state 22

state 12

    (8) expression -> expression GE . expression
    (1) expression -> . expression PLUS expression
    (2) expression -> . expression MINUS expression
    (3) expression -> . expression MULTIPLY expression
    (4) expression -> . expression DIVIDE expression
    (5) expression -> . expression LT expression
    (6) expression -> . expression LE expression
    (7) expression -> . expression GT expression
    (8) expression -> . expression GE expression
    (9) expression -> . expression EQ expression
    (10) expression -> . expression NE expression
    (11) expression -> . NOT expression
    (12) expression -> . NUMBER
    (13) expression -> . ID

    NOT             shift and go to state 2
    NUMBER          shift and go to state 3
    ID              shift and go to state 4

    expression                     shift and go to state 23

state 13

    (9) expression -> expression EQ . expression
    (1) expression -> . expression PLUS expression
    (2) expression -> . expression MINUS expression
    (3) expression -> . expression MULTIPLY expression
    (4) expression -> . expression DIVIDE expression
    (5) expression -> . expression LT expression
    (6) expression -> . expression LE expression
    (7) expression -> . expression GT expression
    (8) expression -> . expression GE expression
    (9) expression -> . expression EQ expression
    (10) expression -> . expression NE expression
    (11) expression -> . NOT expression
    (12) expression -> . NUMBER
    (13) expression -> . ID

    NOT             shift and go to state 2
    NUMBER          shift and go to state 3
    ID              shift and go to state 4

    expression                     shift and go to state 24

state 14

    (10) expression -> expression NE . expression
    (1) expression -> . expression PLUS expression
    (2) expression -> . expression MINUS expression
    (3) expression -> . expression MULTIPLY expression
    (4) expression -> . expression DIVIDE expression
    (5) expression -> . expression LT expression
    (6) expression -> . expression LE expression
    (7) expression -> . expression GT expression
    (8) expression -> . expression GE expression
    (9) expression -> . expression EQ expression
    (10) expression -> . expression NE expression
    (11) expression -> . NOT expression
    (12) expression -> . NUMBER
    (13) expression -> . ID

    NOT             shift and go to state 2
    NUMBER          shift and go to state 3
    ID              shift and go to state 4

    expression                     shift and go to state 25

state 15

    (11) expression -> NOT expression .
    (1) expression -> expression . PLUS expression
    (2) expression -> expression . MINUS expression
    (3) expression -> expression . MULTIPLY expression
    (4) expression -> expression . DIVIDE expression
    (5) expression -> expression . LT expression
    (6) expression -> expression . LE expression
    (7) expression -> expression . GT expression
    (8) expression -> expression . GE expression
    (9) expression -> expression . EQ expression
    (10) expression -> expression . NE expression

  ! shift/reduce conflict for PLUS resolved as shift
  ! shift/reduce conflict for MINUS resolved as shift
  ! shift/reduce conflict for MULTIPLY resolved as shift
  ! shift/reduce conflict for DIVIDE resolved as shift
  ! shift/reduce conflict for LT resolved as shift
  ! shift/reduce conflict for LE resolved as shift
  ! shift/reduce conflict for GT resolved as shift
  ! shift/reduce conflict for GE resolved as shift
  ! shift/reduce conflict for EQ resolved as shift
  ! shift/reduce conflict for NE resolved as shift
    $end            reduce using rule 11 (expression -> NOT expression .)
    PLUS            shift and go to state 5
    MINUS           shift and go to state 6
    MULTIPLY        shift and go to state 7
    DIVIDE          shift and go to state 8
    LT              shift and go to state 9
    LE              shift and go to state 10
    GT              shift and go to state 11
    GE              shift and go to state 12
    EQ              shift and go to state 13
    NE              shift and go to state 14

  ! PLUS            [ reduce using rule 11 (expression -> NOT expression .) ]
  ! MINUS           [ reduce using rule 11 (expression -> NOT expression .) ]
  ! MULTIPLY        [ reduce using rule 11 (expression -> NOT expression .) ]
  ! DIVIDE          [ reduce using rule 11 (expression -> NOT expression .) ]
  ! LT              [ reduce using rule 11 (expression -> NOT expression .) ]
  ! LE              [ reduce using rule 11 (expression -> NOT expression .) ]
  ! GT              [ reduce using rule 11 (expression -> NOT expression .) ]
  ! GE              [ reduce using rule 11 (expression -> NOT expression .) ]
  ! EQ              [ reduce using rule 11 (expression -> NOT expression .) ]
  ! NE              [ reduce using rule 11 (expression -> NOT expression .) ]


state 16

    (1) expression -> expression PLUS expression .
    (1) expression -> expression . PLUS expression
    (2) expression -> expression . MINUS expression
    (3) expression -> expression . MULTIPLY expression
    (4) expression -> expression . DIVIDE expression
    (5) expression -> expression . LT expression
    (6) expression -> expression . LE expression
    (7) expression -> expression . GT expression
    (8) expression -> expression . GE expression
    (9) expression -> expression . EQ expression
    (10) expression -> expression . NE expression

  ! shift/reduce conflict for PLUS resolved as shift
  ! shift/reduce conflict for MINUS resolved as shift
  ! shift/reduce conflict for MULTIPLY resolved as shift
  ! shift/reduce conflict for DIVIDE resolved as shift
  ! shift/reduce conflict for LT resolved as shift
  ! shift/reduce conflict for LE resolved as shift
  ! shift/reduce conflict for GT resolved as shift
  ! shift/reduce conflict for GE resolved as shift
  ! shift/reduce conflict for EQ resolved as shift
  ! shift/reduce conflict for NE resolved as shift
    $end            reduce using rule 1 (expression -> expression PLUS expression .)
    PLUS            shift and go to state 5
    MINUS           shift and go to state 6
    MULTIPLY        shift and go to state 7
    DIVIDE          shift and go to state 8
    LT              shift and go to state 9
    LE              shift and go to state 10
    GT              shift and go to state 11
    GE              shift and go to state 12
    EQ              shift and go to state 13
    NE              shift and go to state 14

  ! PLUS            [ reduce using rule 1 (expression -> expression PLUS expression .) ]
  ! MINUS           [ reduce using rule 1 (expression -> expression PLUS expression .) ]
  ! MULTIPLY        [ reduce using rule 1 (expression -> expression PLUS expression .) ]
  ! DIVIDE          [ reduce using rule 1 (expression -> expression PLUS expression .) ]
  ! LT              [ reduce using rule 1 (expression -> expression PLUS expression .) ]
  ! LE              [ reduce using rule 1 (expression -> expression PLUS expression .) ]
  ! GT              [ reduce using rule 1 (expression -> expression PLUS expression .) ]
  ! GE              [ reduce using rule 1 (expression -> expression PLUS expression .) ]
  ! EQ              [ reduce using rule 1 (expression -> expression PLUS expression .) ]
  ! NE              [ reduce using rule 1 (expression -> expression PLUS expression .) ]


state 17

    (2) expression -> expression MINUS expression .
    (1) expression -> expression . PLUS expression
    (2) expression -> expression . MINUS expression
    (3) expression -> expression . MULTIPLY expression
    (4) expression -> expression . DIVIDE expression
    (5) expression -> expression . LT expression
    (6) expression -> expression . LE expression
    (7) expression -> expression . GT expression
    (8) expression -> expression . GE expression
    (9) expression -> expression . EQ expression
    (10) expression -> expression . NE expression

  ! shift/reduce conflict for PLUS resolved as shift
  ! shift/reduce conflict for MINUS resolved as shift
  ! shift/reduce conflict for MULTIPLY resolved as shift
  ! shift/reduce conflict for DIVIDE resolved as shift
  ! shift/reduce conflict for LT resolved as shift
  ! shift/reduce conflict for LE resolved as shift
  ! shift/reduce conflict for GT resolved as shift
  ! shift/reduce conflict for GE resolved as shift
  ! shift/reduce conflict for EQ resolved as shift
  ! shift/reduce conflict for NE resolved as shift
    $end            reduce using rule 2 (expression -> expression MINUS expression .)
    PLUS            shift and go to state 5
    MINUS           shift and go to state 6
    MULTIPLY        shift and go to state 7
    DIVIDE          shift and go to state 8
    LT              shift and go to state 9
    LE              shift and go to state 10
    GT              shift and go to state 11
    GE              shift and go to state 12
    EQ              shift and go to state 13
    NE              shift and go to state 14

  ! PLUS            [ reduce using rule 2 (expression -> expression MINUS expression .) ]
  ! MINUS           [ reduce using rule 2 (expression -> expression MINUS expression .) ]
  ! MULTIPLY        [ reduce using rule 2 (expression -> expression MINUS expression .) ]
  ! DIVIDE          [ reduce using rule 2 (expression -> expression MINUS expression .) ]
  ! LT              [ reduce using rule 2 (expression -> expression MINUS expression .) ]
  ! LE              [ reduce using rule 2 (expression -> expression MINUS expression .) ]
  ! GT              [ reduce using rule 2 (expression -> expression MINUS expression .) ]
  ! GE              [ reduce using rule 2 (expression -> expression MINUS expression .) ]
  ! EQ              [ reduce using rule 2 (expression -> expression MINUS expression .) ]
  ! NE              [ reduce using rule 2 (expression -> expression MINUS expression .) ]


state 18

    (3) expression -> expression MULTIPLY expression .
    (1) expression -> expression . PLUS expression
    (2) expression -> expression . MINUS expression
    (3) expression -> expression . MULTIPLY expression
    (4) expression -> expression . DIVIDE expression
    (5) expression -> expression . LT expression
    (6) expression -> expression . LE expression
    (7) expression -> expression . GT expression
    (8) expression -> expression . GE expression
    (9) expression -> expression . EQ expression
    (10) expression -> expression . NE expression

  ! shift/reduce conflict for PLUS resolved as shift
  ! shift/reduce conflict for MINUS resolved as shift
  ! shift/reduce conflict for MULTIPLY resolved as shift
  ! shift/reduce conflict for DIVIDE resolved as shift
  ! shift/reduce conflict for LT resolved as shift
  ! shift/reduce conflict for LE resolved as shift
  ! shift/reduce conflict for GT resolved as shift
  ! shift/reduce conflict for GE resolved as shift
  ! shift/reduce conflict for EQ resolved as shift
  ! shift/reduce conflict for NE resolved as shift
    $end            reduce using rule 3 (expression -> expression MULTIPLY expression .)
    PLUS            shift and go to state 5
    MINUS           shift and go to state 6
    MULTIPLY        shift and go to state 7
    DIVIDE          shift and go to state 8
    LT              shift and go to state 9
    LE              shift and go to state 10
    GT              shift and go to state 11
    GE              shift and go to state 12
    EQ              shift and go to state 13
    NE              shift and go to state 14

  ! PLUS            [ reduce using rule 3 (expression -> expression MULTIPLY expression .) ]
  ! MINUS           [ reduce using rule 3 (expression -> expression MULTIPLY expression .) ]
  ! MULTIPLY        [ reduce using rule 3 (expression -> expression MULTIPLY expression .) ]
  ! DIVIDE          [ reduce using rule 3 (expression -> expression MULTIPLY expression .) ]
  ! LT              [ reduce using rule 3 (expression -> expression MULTIPLY expression .) ]
  ! LE              [ reduce using rule 3 (expression -> expression MULTIPLY expression .) ]
  ! GT              [ reduce using rule 3 (expression -> expression MULTIPLY expression .) ]
  ! GE              [ reduce using rule 3 (expression -> expression MULTIPLY expression .) ]
  ! EQ              [ reduce using rule 3 (expression -> expression MULTIPLY expression .) ]
  ! NE              [ reduce using rule 3 (expression -> expression MULTIPLY expression .) ]


state 19

    (4) expression -> expression DIVIDE expression .
    (1) expression -> expression . PLUS expression
    (2) expression -> expression . MINUS expression
    (3) expression -> expression . MULTIPLY expression
    (4) expression -> expression . DIVIDE expression
    (5) expression -> expression . LT expression
    (6) expression -> expression . LE expression
    (7) expression -> expression . GT expression
    (8) expression -> expression . GE expression
    (9) expression -> expression . EQ expression
    (10) expression -> expression . NE expression

  ! shift/reduce conflict for PLUS resolved as shift
  ! shift/reduce conflict for MINUS resolved as shift
  ! shift/reduce conflict for MULTIPLY resolved as shift
  ! shift/reduce conflict for DIVIDE resolved as shift
  ! shift/reduce conflict for LT resolved as shift
  ! shift/reduce conflict for LE resolved as shift
  ! shift/reduce conflict for GT resolved as shift
  ! shift/reduce conflict for GE resolved as shift
  ! shift/reduce conflict for EQ resolved as shift
  ! shift/reduce conflict for NE resolved as shift
    $end            reduce using rule 4 (expression -> expression DIVIDE expression .)
    PLUS            shift and go to state 5
    MINUS           shift and go to state 6
    MULTIPLY        shift and go to state 7
    DIVIDE          shift and go to state 8
    LT              shift and go to state 9
    LE              shift and go to state 10
    GT              shift and go to state 11
    GE              shift and go to state 12
    EQ              shift and go to state 13
    NE              shift and go to state 14

  ! PLUS            [ reduce using rule 4 (expression -> expression DIVIDE expression .) ]
  ! MINUS           [ reduce using rule 4 (expression -> expression DIVIDE expression .) ]
  ! MULTIPLY        [ reduce using rule 4 (expression -> expression DIVIDE expression .) ]
  ! DIVIDE          [ reduce using rule 4 (expression -> expression DIVIDE expression .) ]
  ! LT              [ reduce using rule 4 (expression -> expression DIVIDE expression .) ]
  ! LE              [ reduce using rule 4 (expression -> expression DIVIDE expression .) ]
  ! GT              [ reduce using rule 4 (expression -> expression DIVIDE expression .) ]
  ! GE              [ reduce using rule 4 (expression -> expression DIVIDE expression .) ]
  ! EQ              [ reduce using rule 4 (expression -> expression DIVIDE expression .) ]
  ! NE              [ reduce using rule 4 (expression -> expression DIVIDE expression .) ]


state 20

    (5) expression -> expression LT expression .
    (1) expression -> expression . PLUS expression
    (2) expression -> expression . MINUS expression
    (3) expression -> expression . MULTIPLY expression
    (4) expression -> expression . DIVIDE expression
    (5) expression -> expression . LT expression
    (6) expression -> expression . LE expression
    (7) expression -> expression . GT expression
    (8) expression -> expression . GE expression
    (9) expression -> expression . EQ expression
    (10) expression -> expression . NE expression

  ! shift/reduce conflict for PLUS resolved as shift
  ! shift/reduce conflict for MINUS resolved as shift
  ! shift/reduce conflict for MULTIPLY resolved as shift
  ! shift/reduce conflict for DIVIDE resolved as shift
  ! shift/reduce conflict for LT resolved as shift
  ! shift/reduce conflict for LE resolved as shift
  ! shift/reduce conflict for GT resolved as shift
  ! shift/reduce conflict for GE resolved as shift
  ! shift/reduce conflict for EQ resolved as shift
  ! shift/reduce conflict for NE resolved as shift
    $end            reduce using rule 5 (expression -> expression LT expression .)
    PLUS            shift and go to state 5
    MINUS           shift and go to state 6
    MULTIPLY        shift and go to state 7
    DIVIDE          shift and go to state 8
    LT              shift and go to state 9
    LE              shift and go to state 10
    GT              shift and go to state 11
    GE              shift and go to state 12
    EQ              shift and go to state 13
    NE              shift and go to state 14

  ! PLUS            [ reduce using rule 5 (expression -> expression LT expression .) ]
  ! MINUS           [ reduce using rule 5 (expression -> expression LT expression .) ]
  ! MULTIPLY        [ reduce using rule 5 (expression -> expression LT expression .) ]
  ! DIVIDE          [ reduce using rule 5 (expression -> expression LT expression .) ]
  ! LT              [ reduce using rule 5 (expression -> expression LT expression .) ]
  ! LE              [ reduce using rule 5 (expression -> expression LT expression .) ]
  ! GT              [ reduce using rule 5 (expression -> expression LT expression .) ]
  ! GE              [ reduce using rule 5 (expression -> expression LT expression .) ]
  ! EQ              [ reduce using rule 5 (expression -> expression LT expression .) ]
  ! NE              [ reduce using rule 5 (expression -> expression LT expression .) ]


state 21

    (6) expression -> expression LE expression .
    (1) expression -> expression . PLUS expression
    (2) expression -> expression . MINUS expression
    (3) expression -> expression . MULTIPLY expression
    (4) expression -> expression . DIVIDE expression
    (5) expression -> expression . LT expression
    (6) expression -> expression . LE expression
    (7) expression -> expression . GT expression
    (8) expression -> expression . GE expression
    (9) expression -> expression . EQ expression
    (10) expression -> expression . NE expression

  ! shift/reduce conflict for PLUS resolved as shift
  ! shift/reduce conflict for MINUS resolved as shift
  ! shift/reduce conflict for MULTIPLY resolved as shift
  ! shift/reduce conflict for DIVIDE resolved as shift
  ! shift/reduce conflict for LT resolved as shift
  ! shift/reduce conflict for LE resolved as shift
  ! shift/reduce conflict for GT resolved as shift
  ! shift/reduce conflict for GE resolved as shift
  ! shift/reduce conflict for EQ resolved as shift
  ! shift/reduce conflict for NE resolved as shift
    $end            reduce using rule 6 (expression -> expression LE expression .)
    PLUS            shift and go to state 5
    MINUS           shift and go to state 6
    MULTIPLY        shift and go to state 7
    DIVIDE          shift and go to state 8
    LT              shift and go to state 9
    LE              shift and go to state 10
    GT              shift and go to state 11
    GE              shift and go to state 12
    EQ              shift and go to state 13
    NE              shift and go to state 14

  ! PLUS            [ reduce using rule 6 (expression -> expression LE expression .) ]
  ! MINUS           [ reduce using rule 6 (expression -> expression LE expression .) ]
  ! MULTIPLY        [ reduce using rule 6 (expression -> expression LE expression .) ]
  ! DIVIDE          [ reduce using rule 6 (expression -> expression LE expression .) ]
  ! LT              [ reduce using rule 6 (expression -> expression LE expression .) ]
  ! LE              [ reduce using rule 6 (expression -> expression LE expression .) ]
  ! GT              [ reduce using rule 6 (expression -> expression LE expression .) ]
  ! GE              [ reduce using rule 6 (expression -> expression LE expression .) ]
  ! EQ              [ reduce using rule 6 (expression -> expression LE expression .) ]
  ! NE              [ reduce using rule 6 (expression -> expression LE expression .) ]


state 22

    (7) expression -> expression GT expression .
    (1) expression -> expression . PLUS expression
    (2) expression -> expression . MINUS expression
    (3) expression -> expression . MULTIPLY expression
    (4) expression -> expression . DIVIDE expression
    (5) expression -> expression . LT expression
    (6) expression -> expression . LE expression
    (7) expression -> expression . GT expression
    (8) expression -> expression . GE expression
    (9) expression -> expression . EQ expression
    (10) expression -> expression . NE expression

  ! shift/reduce conflict for PLUS resolved as shift
  ! shift/reduce conflict for MINUS resolved as shift
  ! shift/reduce conflict for MULTIPLY resolved as shift
  ! shift/reduce conflict for DIVIDE resolved as shift
  ! shift/reduce conflict for LT resolved as shift
  ! shift/reduce conflict for LE resolved as shift
  ! shift/reduce conflict for GT resolved as shift
  ! shift/reduce conflict for GE resolved as shift
  ! shift/reduce conflict for EQ resolved as shift
  ! shift/reduce conflict for NE resolved as shift
    $end            reduce using rule 7 (expression -> expression GT expression .)
    PLUS            shift and go to state 5
    MINUS           shift and go to state 6
    MULTIPLY        shift and go to state 7
    DIVIDE          shift and go to state 8
    LT              shift and go to state 9
    LE              shift and go to state 10
    GT              shift and go to state 11
    GE              shift and go to state 12
    EQ              shift and go to state 13
    NE              shift and go to state 14

  ! PLUS            [ reduce using rule 7 (expression -> expression GT expression .) ]
  ! MINUS           [ reduce using rule 7 (expression -> expression GT expression .) ]
  ! MULTIPLY        [ reduce using rule 7 (expression -> expression GT expression .) ]
  ! DIVIDE          [ reduce using rule 7 (expression -> expression GT expression .) ]
  ! LT              [ reduce using rule 7 (expression -> expression GT expression .) ]
  ! LE              [ reduce using rule 7 (expression -> expression GT expression .) ]
  ! GT              [ reduce using rule 7 (expression -> expression GT expression .) ]
  ! GE              [ reduce using rule 7 (expression -> expression GT expression .) ]
  ! EQ              [ reduce using rule 7 (expression -> expression GT expression .) ]
  ! NE              [ reduce using rule 7 (expression -> expression GT expression .) ]


state 23

    (8) expression -> expression GE expression .
    (1) expression -> expression . PLUS expression
    (2) expression -> expression . MINUS expression
    (3) expression -> expression . MULTIPLY expression
    (4) expression -> expression . DIVIDE expression
    (5) expression -> expression . LT expression
    (6) expression -> expression . LE expression
    (7) expression -> expression . GT expression
    (8) expression -> expression . GE expression
    (9) expression -> expression . EQ expression
    (10) expression -> expression . NE expression

  ! shift/reduce conflict for PLUS resolved as shift
  ! shift/reduce conflict for MINUS resolved as shift
  ! shift/reduce conflict for MULTIPLY resolved as shift
  ! shift/reduce conflict for DIVIDE resolved as shift
  ! shift/reduce conflict for LT resolved as shift
  ! shift/reduce conflict for LE resolved as shift
  ! shift/reduce conflict for GT resolved as shift
  ! shift/reduce conflict for GE resolved as shift
  ! shift/reduce conflict for EQ resolved as shift
  ! shift/reduce conflict for NE resolved as shift
    $end            reduce using rule 8 (expression -> expression GE expression .)
    PLUS            shift and go to state 5
    MINUS           shift and go to state 6
    MULTIPLY        shift and go to state 7
    DIVIDE          shift and go to state 8
    LT              shift and go to state 9
    LE              shift and go to state 10
    GT              shift and go to state 11
    GE              shift and go to state 12
    EQ              shift and go to state 13
    NE              shift and go to state 14

  ! PLUS            [ reduce using rule 8 (expression -> expression GE expression .) ]
  ! MINUS           [ reduce using rule 8 (expression -> expression GE expression .) ]
  ! MULTIPLY        [ reduce using rule 8 (expression -> expression GE expression .) ]
  ! DIVIDE          [ reduce using rule 8 (expression -> expression GE expression .) ]
  ! LT              [ reduce using rule 8 (expression -> expression GE expression .) ]
  ! LE              [ reduce using rule 8 (expression -> expression GE expression .) ]
  ! GT              [ reduce using rule 8 (expression -> expression GE expression .) ]
  ! GE              [ reduce using rule 8 (expression -> expression GE expression .) ]
  ! EQ              [ reduce using rule 8 (expression -> expression GE expression .) ]
  ! NE              [ reduce using rule 8 (expression -> expression GE expression .) ]


state 24

    (9) expression -> expression EQ expression .
    (1) expression -> expression . PLUS expression
    (2) expression -> expression . MINUS expression
    (3) expression -> expression . MULTIPLY expression
    (4) expression -> expression . DIVIDE expression
    (5) expression -> expression . LT expression
    (6) expression -> expression . LE expression
    (7) expression -> expression . GT expression
    (8) expression -> expression . GE expression
    (9) expression -> expression . EQ expression
    (10) expression -> expression . NE expression

  ! shift/reduce conflict for PLUS resolved as shift
  ! shift/reduce conflict for MINUS resolved as shift
  ! shift/reduce conflict for MULTIPLY resolved as shift
  ! shift/reduce conflict for DIVIDE resolved as shift
  ! shift/reduce conflict for LT resolved as shift
  ! shift/reduce conflict for LE resolved as shift
  ! shift/reduce conflict for GT resolved as shift
  ! shift/reduce conflict for GE resolved as shift
  ! shift/reduce conflict for EQ resolved as shift
  ! shift/reduce conflict for NE resolved as shift
    $end            reduce using rule 9 (expression -> expression EQ expression .)
    PLUS            shift and go to state 5
    MINUS           shift and go to state 6
    MULTIPLY        shift and go to state 7
    DIVIDE          shift and go to state 8
    LT              shift and go to state 9
    LE              shift and go to state 10
    GT              shift and go to state 11
    GE              shift and go to state 12
    EQ              shift and go to state 13
    NE              shift and go to state 14

  ! PLUS            [ reduce using rule 9 (expression -> expression EQ expression .) ]
  ! MINUS           [ reduce using rule 9 (expression -> expression EQ expression .) ]
  ! MULTIPLY        [ reduce using rule 9 (expression -> expression EQ expression .) ]
  ! DIVIDE          [ reduce using rule 9 (expression -> expression EQ expression .) ]
  ! LT              [ reduce using rule 9 (expression -> expression EQ expression .) ]
  ! LE              [ reduce using rule 9 (expression -> expression EQ expression .) ]
  ! GT              [ reduce using rule 9 (expression -> expression EQ expression .) ]
  ! GE              [ reduce using rule 9 (expression -> expression EQ expression .) ]
  ! EQ              [ reduce using rule 9 (expression -> expression EQ expression .) ]
  ! NE              [ reduce using rule 9 (expression -> expression EQ expression .) ]


state 25

    (10) expression -> expression NE expression .
    (1) expression -> expression . PLUS expression
    (2) expression -> expression . MINUS expression
    (3) expression -> expression . MULTIPLY expression
    (4) expression -> expression . DIVIDE expression
    (5) expression -> expression . LT expression
    (6) expression -> expression . LE expression
    (7) expression -> expression . GT expression
    (8) expression -> expression . GE expression
    (9) expression -> expression . EQ expression
    (10) expression -> expression . NE expression

  ! shift/reduce conflict for PLUS resolved as shift
  ! shift/reduce conflict for MINUS resolved as shift
  ! shift/reduce conflict for MULTIPLY resolved as shift
  ! shift/reduce conflict for DIVIDE resolved as shift
  ! shift/reduce conflict for LT resolved as shift
  ! shift/reduce conflict for LE resolved as shift
  ! shift/reduce conflict for GT resolved as shift
  ! shift/reduce conflict for GE resolved as shift
  ! shift/reduce conflict for EQ resolved as shift
  ! shift/reduce conflict for NE resolved as shift
    $end            reduce using rule 10 (expression -> expression NE expression .)
    PLUS            shift and go to state 5
    MINUS           shift and go to state 6
    MULTIPLY        shift and go to state 7
    DIVIDE          shift and go to state 8
    LT              shift and go to state 9
    LE              shift and go to state 10
    GT              shift and go to state 11
    GE              shift and go to state 12
    EQ              shift and go to state 13
    NE              shift and go to state 14

  ! PLUS            [ reduce using rule 10 (expression -> expression NE expression .) ]
  ! MINUS           [ reduce using rule 10 (expression -> expression NE expression .) ]
  ! MULTIPLY        [ reduce using rule 10 (expression -> expression NE expression .) ]
  ! DIVIDE          [ reduce using rule 10 (expression -> expression NE expression .) ]
  ! LT              [ reduce using rule 10 (expression -> expression NE expression .) ]
  ! LE              [ reduce using rule 10 (expression -> expression NE expression .) ]
  ! GT              [ reduce using rule 10 (expression -> expression NE expression .) ]
  ! GE              [ reduce using rule 10 (expression -> expression NE expression .) ]
  ! EQ              [ reduce using rule 10 (expression -> expression NE expression .) ]
  ! NE              [ reduce using rule 10 (expression -> expression NE expression .) ]

WARNING: 
WARNING: Conflicts:
WARNING: 
WARNING: shift/reduce conflict for PLUS in state 15 resolved as shift
WARNING: shift/reduce conflict for MINUS in state 15 resolved as shift
WARNING: shift/reduce conflict for MULTIPLY in state 15 resolved as shift
WARNING: shift/reduce conflict for DIVIDE in state 15 resolved as shift
WARNING: shift/reduce conflict for LT in state 15 resolved as shift
WARNING: shift/reduce conflict for LE in state 15 resolved as shift
WARNING: shift/reduce conflict for GT in state 15 resolved as shift
WARNING: shift/reduce conflict for GE in state 15 resolved as shift
WARNING: shift/reduce conflict for EQ in state 15 resolved as shift
WARNING: shift/reduce conflict for NE in state 15 resolved as shift
WARNING: shift/reduce conflict for PLUS in state 16 resolved as shift
WARNING: shift/reduce conflict for MINUS in state 16 resolved as shift
WARNING: shift/reduce conflict for MULTIPLY in state 16 resolved as shift
WARNING: shift/reduce conflict for DIVIDE in state 16 resolved as shift
WARNING: shift/reduce conflict for LT in state 16 resolved as shift
WARNING: shift/reduce conflict for LE in state 16 resolved as shift
WARNING: shift/reduce conflict for GT in state 16 resolved as shift
WARNING: shift/reduce conflict for GE in state 16 resolved as shift
WARNING: shift/reduce conflict for EQ in state 16 resolved as shift
WARNING: shift/reduce conflict for NE in state 16 resolved as shift
WARNING: shift/reduce conflict for PLUS in state 17 resolved as shift
WARNING: shift/reduce conflict for MINUS in state 17 resolved as shift
WARNING: shift/reduce conflict for MULTIPLY in state 17 resolved as shift
WARNING: shift/reduce conflict for DIVIDE in state 17 resolved as shift
WARNING: shift/reduce conflict for LT in state 17 resolved as shift
WARNING: shift/reduce conflict for LE in state 17 resolved as shift
WARNING: shift/reduce conflict for GT in state 17 resolved as shift
WARNING: shift/reduce conflict for GE in state 17 resolved as shift
WARNING: shift/reduce conflict for EQ in state 17 resolved as shift
WARNING: shift/reduce conflict for NE in state 17 resolved as shift
WARNING: shift/reduce conflict for PLUS in state 18 resolved as shift
WARNING: shift/reduce conflict for MINUS in state 18 resolved as shift
WARNING: shift/reduce conflict for MULTIPLY in state 18 resolved as shift
WARNING: shift/reduce conflict for DIVIDE in state 18 resolved as shift
WARNING: shift/reduce conflict for LT in state 18 resolved as shift
WARNING: shift/reduce conflict for LE in state 18 resolved as shift
WARNING: shift/reduce conflict for GT in state 18 resolved as shift
WARNING: shift/reduce conflict for GE in state 18 resolved as shift
WARNING: shift/reduce conflict for EQ in state 18 resolved as shift
WARNING: shift/reduce conflict for NE in state 18 resolved as shift
WARNING: shift/reduce conflict for PLUS in state 19 resolved as shift
WARNING: shift/reduce conflict for MINUS in state 19 resolved as shift
WARNING: shift/reduce conflict for MULTIPLY in state 19 resolved as shift
WARNING: shift/reduce conflict for DIVIDE in state 19 resolved as shift
WARNING: shift/reduce conflict for LT in state 19 resolved as shift
WARNING: shift/reduce conflict for LE in state 19 resolved as shift
WARNING: shift/reduce conflict for GT in state 19 resolved as shift
WARNING: shift/reduce conflict for GE in state 19 resolved as shift
WARNING: shift/reduce conflict for EQ in state 19 resolved as shift
WARNING: shift/reduce conflict for NE in state 19 resolved as shift
WARNING: shift/reduce conflict for PLUS in state 20 resolved as shift
WARNING: shift/reduce conflict for MINUS in state 20 resolved as shift
WARNING: shift/reduce conflict for MULTIPLY in state 20 resolved as shift
WARNING: shift/reduce conflict for DIVIDE in state 20 resolved as shift
WARNING: shift/reduce conflict for LT in state 20 resolved as shift
WARNING: shift/reduce conflict for LE in state 20 resolved as shift
WARNING: shift/reduce conflict for GT in state 20 resolved as shift
WARNING: shift/reduce conflict for GE in state 20 resolved as shift
WARNING: shift/reduce conflict for EQ in state 20 resolved as shift
WARNING: shift/reduce conflict for NE in state 20 resolved as shift
WARNING: shift/reduce conflict for PLUS in state 21 resolved as shift
WARNING: shift/reduce conflict for MINUS in state 21 resolved as shift
WARNING: shift/reduce conflict for MULTIPLY in state 21 resolved as shift
WARNING: shift/reduce conflict for DIVIDE in state 21 resolved as shift
WARNING: shift/reduce conflict for LT in state 21 resolved as shift
WARNING: shift/reduce conflict for LE in state 21 resolved as shift
WARNING: shift/reduce conflict for GT in state 21 resolved as shift
WARNING: shift/reduce conflict for GE in state 21 resolved as shift
WARNING: shift/reduce conflict for EQ in state 21 resolved as shift
WARNING: shift/reduce conflict for NE in state 21 resolved as shift
WARNING: shift/reduce conflict for PLUS in state 22 resolved as shift
WARNING: shift/reduce conflict for MINUS in state 22 resolved as shift
WARNING: shift/reduce conflict for MULTIPLY in state 22 resolved as shift
WARNING: shift/reduce conflict for DIVIDE in state 22 resolved as shift
WARNING: shift/reduce conflict for LT in state 22 resolved as shift
WARNING: shift/reduce conflict for LE in state 22 resolved as shift
WARNING: shift/reduce conflict for GT in state 22 resolved as shift
WARNING: shift/reduce conflict for GE in state 22 resolved as shift
WARNING: shift/reduce conflict for EQ in state 22 resolved as shift
WARNING: shift/reduce conflict for NE in state 22 resolved as shift
WARNING: shift/reduce conflict for PLUS in state 23 resolved as shift
WARNING: shift/reduce conflict for MINUS in state 23 resolved as shift
WARNING: shift/reduce conflict for MULTIPLY in state 23 resolved as shift
WARNING: shift/reduce conflict for DIVIDE in state 23 resolved as shift
WARNING: shift/reduce conflict for LT in state 23 resolved as shift
WARNING: shift/reduce conflict for LE in state 23 resolved as shift
WARNING: shift/reduce conflict for GT in state 23 resolved as shift
WARNING: shift/reduce conflict for GE in state 23 resolved as shift
WARNING: shift/reduce conflict for EQ in state 23 resolved as shift
WARNING: shift/reduce conflict for NE in state 23 resolved as shift
WARNING: shift/reduce conflict for PLUS in state 24 resolved as shift
WARNING: shift/reduce conflict for MINUS in state 24 resolved as shift
WARNING: shift/reduce conflict for MULTIPLY in state 24 resolved as shift
WARNING: shift/reduce conflict for DIVIDE in state 24 resolved as shift
WARNING: shift/reduce conflict for LT in state 24 resolved as shift
WARNING: shift/reduce conflict for LE in state 24 resolved as shift
WARNING: shift/reduce conflict for GT in state 24 resolved as shift
WARNING: shift/reduce conflict for GE in state 24 resolved as shift
WARNING: shift/reduce conflict for EQ in state 24 resolved as shift
WARNING: shift/reduce conflict for NE in state 24 resolved as shift
WARNING: shift/reduce conflict for PLUS in state 25 resolved as shift
WARNING: shift/reduce conflict for MINUS in state 25 resolved as shift
WARNING: shift/reduce conflict for MULTIPLY in state 25 resolved as shift
WARNING: shift/reduce conflict for DIVIDE in state 25 resolved as shift
WARNING: shift/reduce conflict for LT in state 25 resolved as shift
WARNING: shift/reduce conflict for LE in state 25 resolved as shift
WARNING: shift/reduce conflict for GT in state 25 resolved as shift
WARNING: shift/reduce conflict for GE in state 25 resolved as shift
WARNING: shift/reduce conflict for EQ in state 25 resolved as shift
WARNING: shift/reduce conflict for NE in state 25 resolved as shift
