Flow report for LAB_4
Mon Dec 11 11:20:45 2023
Quartus II 64-Bit Version 13.1.0 Build 162 10/23/2013 SJ Web Edition


---------------------
; Table of Contents ;
---------------------
  1. Legal Notice
  2. Flow Summary
  3. Flow Settings
  4. Flow Non-Default Global Settings
  5. Flow Elapsed Time
  6. Flow OS Summary
  7. Flow Log
  8. Flow Messages
  9. Flow Suppressed Messages



----------------
; Legal Notice ;
----------------
Copyright (C) 1991-2013 Altera Corporation
Your use of Altera Corporation's design tools, logic functions 
and other software and tools, and its AMPP partner logic 
functions, and any output files from any of the foregoing 
(including device programming or simulation files), and any 
associated documentation or information are expressly subject 
to the terms and conditions of the Altera Program License 
Subscription Agreement, Altera MegaCore Function License 
Agreement, or other applicable license agreement, including, 
without limitation, that your use is for the sole purpose of 
programming logic devices manufactured by Altera and sold by 
Altera or its authorized distributors.  Please refer to the 
applicable agreement for further details.



+------------------------------------------------------------------------+
; Flow Summary                                                           ;
+---------------------------+--------------------------------------------+
; Flow Status               ; Successful - Mon Dec 11 11:20:45 2023      ;
; Quartus II 64-Bit Version ; 13.1.0 Build 162 10/23/2013 SJ Web Edition ;
; Revision Name             ; LAB_4                                      ;
; Top-level Entity Name     ; LAB_4                                      ;
; Family                    ; MAX II                                     ;
; Device                    ; EPM240F100C4                               ;
; Timing Models             ; Final                                      ;
; Total logic elements      ; 8 / 240 ( 3 % )                            ;
; Total pins                ; 11 / 76 ( 14 % )                           ;
; Total virtual pins        ; 0                                          ;
; UFM blocks                ; 0 / 1 ( 0 % )                              ;
+---------------------------+--------------------------------------------+


+-----------------------------------------+
; Flow Settings                           ;
+-------------------+---------------------+
; Option            ; Setting             ;
+-------------------+---------------------+
; Start date & time ; 12/11/2023 11:19:39 ;
; Main task         ; Compilation         ;
; Revision Name     ; LAB_4               ;
+-------------------+---------------------+


+----------------------------------------------------------------------------------------------------------------------------------------------------------------------+
; Flow Non-Default Global Settings                                                                                                                                     ;
+---------------------------------+-------------------------------------------------------------------------------------+---------------+-------------+----------------+
; Assignment Name                 ; Value                                                                               ; Default Value ; Entity Name ; Section Id     ;
+---------------------------------+-------------------------------------------------------------------------------------+---------------+-------------+----------------+
; COMPILER_SIGNATURE_ID           ; 10995770589201.170228277907756                                                      ; --            ; --          ; --             ;
; EDA_GENERATE_FUNCTIONAL_NETLIST ; On                                                                                  ; --            ; --          ; eda_simulation ;
; EDA_NETLIST_WRITER_OUTPUT_DIR   ; C:/Users/SystemX/Documents/GitHub/Practic_MIREA/AVMS/Quartus/LAB_4/simulation/qsim/ ; --            ; --          ; eda_simulation ;
; EDA_OUTPUT_DATA_FORMAT          ; Verilog Hdl                                                                         ; --            ; --          ; eda_simulation ;
; EDA_SIMULATION_TOOL             ; ModelSim-Altera (Verilog)                                                           ; <None>        ; --          ; --             ;
; EDA_TIME_SCALE                  ; 1 ps                                                                                ; --            ; --          ; eda_simulation ;
; MAX_CORE_JUNCTION_TEMP          ; 85                                                                                  ; --            ; --          ; --             ;
; MIN_CORE_JUNCTION_TEMP          ; 0                                                                                   ; --            ; --          ; --             ;
; PROJECT_OUTPUT_DIRECTORY        ; output_files                                                                        ; --            ; --          ; --             ;
+---------------------------------+-------------------------------------------------------------------------------------+---------------+-------------+----------------+


+-------------------------------------------------------------------------------------------------------------------------------+
; Flow Elapsed Time                                                                                                             ;
+---------------------------+--------------+-------------------------+---------------------+------------------------------------+
; Module Name               ; Elapsed Time ; Average Processors Used ; Peak Virtual Memory ; Total CPU Time (on all processors) ;
+---------------------------+--------------+-------------------------+---------------------+------------------------------------+
; Analysis & Synthesis      ; 00:00:02     ; 1.0                     ; 4593 MB             ; 00:00:01                           ;
; Fitter                    ; 00:00:03     ; 1.0                     ; 5642 MB             ; 00:00:04                           ;
; Assembler                 ; 00:00:01     ; 1.0                     ; 4561 MB             ; 00:00:01                           ;
; TimeQuest Timing Analyzer ; 00:00:01     ; 1.0                     ; 4587 MB             ; 00:00:01                           ;
; EDA Netlist Writer        ; 00:00:01     ; 1.0                     ; 4521 MB             ; 00:00:01                           ;
; EDA Netlist Writer        ; 00:00:00     ; 1.0                     ; 4539 MB             ; 00:00:01                           ;
; EDA Netlist Writer        ; 00:00:01     ; 1.0                     ; 4539 MB             ; 00:00:01                           ;
; Total                     ; 00:00:09     ; --                      ; --                  ; 00:00:10                           ;
+---------------------------+--------------+-------------------------+---------------------+------------------------------------+


+----------------------------------------------------------------------------------------+
; Flow OS Summary                                                                        ;
+---------------------------+------------------+-----------+------------+----------------+
; Module Name               ; Machine Hostname ; OS Name   ; OS Version ; Processor type ;
+---------------------------+------------------+-----------+------------+----------------+
; Analysis & Synthesis      ; DESKTOP-RTJPU19  ; Windows 7 ; 6.2        ; x86_64         ;
; Fitter                    ; DESKTOP-RTJPU19  ; Windows 7 ; 6.2        ; x86_64         ;
; Assembler                 ; DESKTOP-RTJPU19  ; Windows 7 ; 6.2        ; x86_64         ;
; TimeQuest Timing Analyzer ; DESKTOP-RTJPU19  ; Windows 7 ; 6.2        ; x86_64         ;
; EDA Netlist Writer        ; DESKTOP-RTJPU19  ; Windows 7 ; 6.2        ; x86_64         ;
; EDA Netlist Writer        ; DESKTOP-RTJPU19  ; Windows 7 ; 6.2        ; x86_64         ;
; EDA Netlist Writer        ; DESKTOP-RTJPU19  ; Windows 7 ; 6.2        ; x86_64         ;
+---------------------------+------------------+-----------+------------+----------------+


------------
; Flow Log ;
------------
quartus_map --read_settings_files=on --write_settings_files=off LAB_4 -c LAB_4
quartus_fit --read_settings_files=off --write_settings_files=off LAB_4 -c LAB_4
quartus_asm --read_settings_files=off --write_settings_files=off LAB_4 -c LAB_4
quartus_sta LAB_4 -c LAB_4
quartus_eda --read_settings_files=off --write_settings_files=off LAB_4 -c LAB_4
quartus_eda --gen_testbench --check_outputs=on --tool=modelsim_oem --format=verilog LAB_4 -c LAB_4 --vector_source=C:/Users/SystemX/Documents/GitHub/Practic_MIREA/AVMS/Quartus/LAB_4/Waveform2.vwf --testbench_file=C:/Users/SystemX/Documents/GitHub/Practic_MIREA/AVMS/Quartus/LAB_4/simulation/qsim/Waveform2.vwf.vt
quartus_eda --functional=on --flatten_buses=off --simulation=on --tool=modelsim_oem --format=verilog --output_directory=C:/Users/SystemX/Documents/GitHub/Practic_MIREA/AVMS/Quartus/LAB_4/simulation/qsim/ LAB_4 -c LAB_4



